2025-05-30 17:36:53 Loading main app package /usr/lib/obsidian/obsidian.asar
2025-05-30 17:36:53 Checking for update using Github
2025-05-30 17:36:54 Success.
2025-05-30 17:36:54 Latest version is 1.8.10
2025-05-30 17:36:54 App is up to date.
2025-05-30 18:36:53 Checking for update using Github
2025-05-30 18:36:53 Success.
2025-05-30 18:36:53 Latest version is 1.8.10
2025-05-30 18:36:53 App is up to date.
2025-05-31 15:50:23 Loading main app package /usr/lib/obsidian/obsidian.asar
2025-05-31 15:50:23 Checking for update using Github
2025-05-31 15:50:23 Success.
2025-05-31 15:50:23 Latest version is 1.8.10
2025-05-31 15:50:23 App is up to date.
2025-06-01 10:28:32 Loading main app package /usr/lib/obsidian/obsidian.asar
2025-06-01 10:28:33 Checking for update using Github
2025-06-01 10:28:33 Success.
2025-06-01 10:28:33 Latest version is 1.8.10
2025-06-01 10:28:33 App is up to date.
2025-06-01 11:28:32 Checking for update using Github
2025-06-01 11:28:33 Success.
2025-06-01 11:28:33 Latest version is 1.8.10
2025-06-01 11:28:33 App is up to date.
2025-06-01 12:28:32 Checking for update using Github
2025-06-01 12:28:33 Success.
2025-06-01 12:28:33 Latest version is 1.8.10
2025-06-01 12:28:33 App is up to date.
2025-06-01 13:28:33 Checking for update using Github
2025-06-01 13:28:33 Success.
2025-06-01 13:28:33 Latest version is 1.8.10
2025-06-01 13:28:33 App is up to date.
2025-06-01 16:50:18 Loading main app package /usr/lib/obsidian/obsidian.asar
2025-06-01 16:50:18 Checking for update using Github
2025-06-01 16:50:18 Success.
2025-06-01 16:50:18 Latest version is 1.8.10
2025-06-01 16:50:18 App is up to date.
2025-06-01 17:50:18 Checking for update using Github
2025-06-01 17:50:18 Success.
2025-06-01 17:50:18 Latest version is 1.8.10
2025-06-01 17:50:18 App is up to date.
